TN:
SF:__test__/utils/predicates.ts
FN:11,is
FN:12,conforms
FN:31,not
FNF:3
FNH:2
FNDA:6,is
FNDA:556,conforms
FNDA:0,not
DA:1,1
DA:2,1
DA:3,1
DA:4,1
DA:5,1
DA:6,1
DA:7,1
DA:8,1
DA:9,1
DA:10,1
DA:11,1
DA:12,6
DA:13,556
DA:14,556
DA:15,395
DA:16,395
DA:17,6
DA:18,6
DA:19,326
DA:20,326
DA:21,326
DA:22,231
DA:23,326
DA:24,71
DA:25,326
DA:26,24
DA:27,326
DA:28,6
DA:29,6
DA:30,1
DA:31,1
DA:32,0
DA:33,0
LF:33
LH:31
BRDA:11,0,0,6
BRDA:12,1,0,556
BRDA:13,2,0,0
BRDA:14,3,0,161
BRDA:14,4,0,395
BRDA:18,5,0,326
BRDA:19,6,0,0
BRDA:21,7,0,231
BRDA:22,8,0,137
BRDA:22,9,0,59
BRDA:23,10,0,26
BRDA:23,11,0,48
BRDA:23,12,0,71
BRDA:24,13,0,34
BRDA:24,14,0,13
BRDA:25,15,0,24
BRDA:26,16,0,11
BRDA:26,17,0,7
BRF:18
BRH:16
end_of_record
TN:
SF:__test__/utils/shuffling.ts
FN:7,constrainedShuffler
FN:26,memoizingShuffler
FN:35,successiveShufflers
FN:45,shorteningShuffler
FN:53,createHandWithShuffledCards
FN:75,shuffleBuilder
FN:83,constrain
FN:94,discard
FN:99,drawPile
FN:104,hand
FN:109,top
FN:114,repeat
FN:118,is
FN:121,isnt
FN:124,build
FNF:15
FNH:8
FNDA:1,constrainedShuffler
FNDA:0,memoizingShuffler
FNDA:0,successiveShufflers
FNDA:0,shorteningShuffler
FNDA:0,createHandWithShuffledCards
FNDA:1,shuffleBuilder
FNDA:6,constrain
FNDA:1,discard
FNDA:1,drawPile
FNDA:4,hand
FNDA:0,top
FNDA:0,repeat
FNDA:6,is
FNDA:0,isnt
FNDA:1,build
DA:1,1
DA:2,1
DA:3,1
DA:4,1
DA:5,1
DA:6,1
DA:7,1
DA:8,1
DA:9,2
DA:10,2
DA:11,2
DA:12,2
DA:13,12
DA:14,12
DA:15,12
DA:16,12
DA:17,12
DA:18,12
DA:19,2
DA:20,12
DA:21,12
DA:22,12
DA:23,1
DA:24,1
DA:25,1
DA:26,1
DA:27,0
DA:28,0
DA:29,0
DA:30,0
DA:31,0
DA:32,0
DA:33,0
DA:34,1
DA:35,1
DA:36,0
DA:37,0
DA:38,0
DA:39,0
DA:40,0
DA:41,0
DA:42,0
DA:43,0
DA:44,1
DA:45,1
DA:46,0
DA:47,0
DA:48,0
DA:49,0
DA:50,0
DA:51,0
DA:52,1
DA:53,1
DA:54,0
DA:55,0
DA:56,0
DA:57,0
DA:58,0
DA:59,0
DA:60,0
DA:61,0
DA:62,0
DA:63,1
DA:64,1
DA:65,1
DA:66,1
DA:67,1
DA:68,1
DA:69,1
DA:70,1
DA:71,1
DA:72,1
DA:73,1
DA:74,1
DA:75,1
DA:76,1
DA:77,1
DA:78,1
DA:79,1
DA:80,1
DA:81,1
DA:82,1
DA:83,1
DA:84,6
DA:85,6
DA:86,6
DA:87,6
DA:88,6
DA:89,6
DA:90,6
DA:91,6
DA:92,1
DA:93,1
DA:94,1
DA:95,1
DA:96,1
DA:97,1
DA:98,1
DA:99,1
DA:100,1
DA:101,1
DA:102,1
DA:103,1
DA:104,1
DA:105,4
DA:106,4
DA:107,4
DA:108,1
DA:109,1
DA:110,0
DA:111,0
DA:112,0
DA:113,1
DA:114,1
DA:115,0
DA:116,0
DA:117,1
DA:118,1
DA:119,6
DA:120,1
DA:121,1
DA:122,0
DA:123,1
DA:124,1
DA:125,1
DA:126,1
DA:127,1
DA:128,1
LF:128
LH:92
BRDA:7,0,0,1
BRDA:8,1,0,2
BRDA:12,2,0,12
BRDA:15,3,0,0
BRDA:19,4,0,12
BRDA:9,5,0,15
BRDA:75,6,0,1
BRDA:83,7,0,6
BRDA:94,8,0,1
BRDA:99,9,0,1
BRDA:104,10,0,4
BRDA:118,11,0,6
BRDA:124,12,0,1
BRF:13
BRH:12
end_of_record
TN:
SF:__test__/utils/test_adapter.ts
FN:6,createInitialDeck
FN:25,createHand
FN:34,createGame
FNF:3
FNH:1
FNDA:0,createInitialDeck
FNDA:0,createHand
FNDA:3,createGame
DA:1,1
DA:2,1
DA:3,1
DA:4,1
DA:5,1
DA:6,1
DA:7,0
DA:8,0
DA:9,1
DA:10,1
DA:11,1
DA:12,1
DA:13,1
DA:14,1
DA:15,1
DA:16,1
DA:17,1
DA:18,1
DA:19,1
DA:20,1
DA:21,1
DA:22,1
DA:23,1
DA:24,1
DA:25,1
DA:26,0
DA:27,0
DA:28,0
DA:29,0
DA:30,0
DA:31,0
DA:32,0
DA:33,1
DA:34,1
DA:35,3
DA:36,3
DA:37,3
DA:38,3
DA:39,3
DA:40,3
DA:41,3
DA:42,3
DA:43,1
DA:44,1
DA:45,1
DA:46,1
LF:46
LH:37
BRDA:34,0,0,3
BRF:1
BRH:1
end_of_record
TN:
SF:src/model/deck.ts
FN:26,createNumberedCard
FN:30,createSpecialCard
FN:34,createEmptyPile
FN:39,shuffle
FN:43,deal
FN:51,top
FN:58,createInitialDeck
FN:98,shuffle
FN:102,deal
FN:110,top
FNF:10
FNH:8
FNDA:228,createNumberedCard
FNDA:96,createSpecialCard
FNDA:6,createEmptyPile
FNDA:0,shuffle
FNDA:2,deal
FNDA:3,top
FNDA:3,createInitialDeck
FNDA:3,shuffle
FNDA:39,deal
FNDA:0,top
DA:1,1
DA:2,1
DA:3,1
DA:4,1
DA:5,1
DA:6,1
DA:7,1
DA:8,1
DA:9,1
DA:10,1
DA:11,1
DA:12,1
DA:13,1
DA:14,1
DA:15,1
DA:16,1
DA:17,1
DA:18,1
DA:19,1
DA:20,1
DA:21,1
DA:22,1
DA:23,1
DA:24,1
DA:25,1
DA:26,228
DA:27,228
DA:28,228
DA:29,1
DA:30,96
DA:31,96
DA:32,96
DA:33,1
DA:34,1
DA:35,6
DA:36,6
DA:37,6
DA:38,6
DA:39,6
DA:40,0
DA:41,0
DA:42,6
DA:43,6
DA:44,2
DA:45,0
DA:46,0
DA:47,2
DA:48,2
DA:49,2
DA:50,6
DA:51,6
DA:52,3
DA:53,3
DA:54,6
DA:55,6
DA:56,1
DA:57,1
DA:58,1
DA:59,3
DA:60,3
DA:61,3
DA:62,3
DA:63,3
DA:64,12
DA:65,12
DA:66,108
DA:67,108
DA:68,108
DA:69,12
DA:70,3
DA:71,3
DA:72,3
DA:73,12
DA:74,12
DA:75,12
DA:76,12
DA:77,12
DA:78,12
DA:79,12
DA:80,12
DA:81,12
DA:82,3
DA:83,3
DA:84,3
DA:85,3
DA:86,3
DA:87,3
DA:88,3
DA:89,3
DA:90,3
DA:91,3
DA:92,3
DA:93,3
DA:94,3
DA:95,3
DA:96,3
DA:97,3
DA:98,3
DA:99,3
DA:100,3
DA:101,3
DA:102,3
DA:103,39
DA:104,0
DA:105,0
DA:106,39
DA:107,39
DA:108,39
DA:109,3
DA:110,3
DA:111,0
DA:112,0
DA:113,3
DA:114,3
LF:114
LH:106
BRDA:26,0,0,228
BRDA:30,1,0,96
BRDA:34,2,0,6
BRDA:43,3,0,2
BRDA:44,4,0,0
BRDA:51,5,0,3
BRDA:58,6,0,3
BRDA:63,7,0,12
BRDA:65,8,0,108
BRDA:72,9,0,12
BRDA:98,10,0,3
BRDA:102,11,0,39
BRDA:103,12,0,0
BRF:13
BRH:11
end_of_record
TN:
SF:src/model/hand.ts
FN:26,createHand
FN:115,score
FN:136,playerInTurn
FN:140,player
FN:147,playerHand
FN:154,lastAction
FN:161,canPlay
FN:190,play
FN:288,draw
FN:318,canPlayAny
FN:325,sayUno
FN:335,catchUnoFailure
FN:378,hasEnded
FN:391,winner
FNF:14
FNH:6
FNDA:3,createHand
FNDA:1,score
FNDA:0,playerInTurn
FNDA:0,player
FNDA:0,playerHand
FNDA:0,lastAction
FNDA:3,canPlay
FNDA:1,play
FNDA:2,draw
FNDA:0,canPlayAny
FNDA:0,sayUno
FNDA:0,catchUnoFailure
FNDA:0,hasEnded
FNDA:1,winner
DA:1,1
DA:2,1
DA:3,1
DA:4,1
DA:5,1
DA:6,1
DA:7,1
DA:8,1
DA:9,1
DA:10,1
DA:11,1
DA:12,1
DA:13,1
DA:14,1
DA:15,1
DA:16,1
DA:17,1
DA:18,1
DA:19,1
DA:20,1
DA:21,1
DA:22,1
DA:23,1
DA:24,1
DA:25,1
DA:26,1
DA:27,3
DA:28,3
DA:29,3
DA:30,3
DA:31,3
DA:32,3
DA:33,3
DA:34,3
DA:35,3
DA:36,3
DA:37,3
DA:38,3
DA:39,3
DA:40,3
DA:41,3
DA:42,3
DA:43,3
DA:44,3
DA:45,3
DA:46,3
DA:47,3
DA:48,3
DA:49,3
DA:50,3
DA:51,3
DA:52,0
DA:53,0
DA:54,3
DA:55,0
DA:56,0
DA:57,3
DA:58,3
DA:59,3
DA:60,3
DA:61,3
DA:62,3
DA:63,3
DA:64,3
DA:65,3
DA:66,3
DA:67,3
DA:68,3
DA:69,3
DA:70,3
DA:71,3
DA:72,3
DA:73,12
DA:74,12
DA:75,36
DA:76,36
DA:77,36
DA:78,36
DA:79,36
DA:80,12
DA:81,3
DA:82,3
DA:83,3
DA:84,3
DA:85,3
DA:86,3
DA:87,3
DA:88,3
DA:89,3
DA:90,3
DA:91,3
DA:92,0
DA:93,0
DA:94,0
DA:95,0
DA:96,0
DA:97,0
DA:98,0
DA:99,3
DA:100,3
DA:101,3
DA:102,3
DA:103,3
DA:104,3
DA:105,3
DA:106,3
DA:107,3
DA:108,0
DA:109,3
DA:110,0
DA:111,3
DA:112,0
DA:113,0
DA:114,3
DA:115,3
DA:116,1
DA:117,1
DA:118,1
DA:119,4
DA:120,4
DA:121,4
DA:122,4
DA:123,1
DA:124,4
DA:125,2
DA:126,3
DA:127,1
DA:128,1
DA:129,4
DA:130,4
DA:131,1
DA:132,1
DA:133,0
DA:134,0
DA:135,3
DA:136,3
DA:137,0
DA:138,0
DA:139,3
DA:140,3
DA:141,0
DA:142,0
DA:143,0
DA:144,0
DA:145,0
DA:146,3
DA:147,3
DA:148,0
DA:149,0
DA:150,0
DA:151,0
DA:152,0
DA:153,3
DA:154,3
DA:155,0
DA:156,0
DA:157,0
DA:158,0
DA:159,0
DA:160,3
DA:161,3
DA:162,3
DA:163,0
DA:164,0
DA:165,3
DA:166,0
DA:167,0
DA:168,3
DA:169,3
DA:170,3
DA:171,3
DA:172,3
DA:173,3
DA:174,0
DA:175,0
DA:176,0
DA:177,0
DA:178,0
DA:179,0
DA:180,3
DA:181,3
DA:182,3
DA:183,3
DA:184,3
DA:185,3
DA:186,2
DA:187,3
DA:188,3
DA:189,3
DA:190,3
DA:191,1
DA:192,1
DA:193,1
DA:194,1
DA:195,1
DA:196,0
DA:197,0
DA:198,1
DA:199,1
DA:200,1
DA:201,0
DA:202,0
DA:203,1
DA:204,1
DA:205,1
DA:206,1
DA:207,1
DA:208,1
DA:209,1
DA:210,1
DA:211,1
DA:212,1
DA:213,1
DA:214,1
DA:215,0
DA:216,1
DA:217,0
DA:218,0
DA:219,0
DA:220,0
DA:221,1
DA:222,0
DA:223,0
DA:224,0
DA:225,0
DA:226,0
DA:227,0
DA:228,0
DA:229,0
DA:230,0
DA:231,0
DA:232,0
DA:233,0
DA:234,0
DA:235,0
DA:236,0
DA:237,1
DA:238,0
DA:239,0
DA:240,0
DA:241,0
DA:242,0
DA:243,0
DA:244,0
DA:245,0
DA:246,0
DA:247,0
DA:248,0
DA:249,0
DA:250,0
DA:251,0
DA:252,0
DA:253,0
DA:254,0
DA:255,0
DA:256,0
DA:257,0
DA:258,0
DA:259,0
DA:260,0
DA:261,0
DA:262,0
DA:263,0
DA:264,0
DA:265,0
DA:266,0
DA:267,0
DA:268,0
DA:269,0
DA:270,0
DA:271,1
DA:272,1
DA:273,1
DA:274,1
DA:275,1
DA:276,1
DA:277,4
DA:278,1
DA:279,1
DA:280,1
DA:281,1
DA:282,4
DA:283,1
DA:284,1
DA:285,1
DA:286,1
DA:287,3
DA:288,3
DA:289,2
DA:290,2
DA:291,2
DA:292,2
DA:293,2
DA:294,2
DA:295,0
DA:296,0
DA:297,0
DA:298,0
DA:299,0
DA:300,0
DA:301,0
DA:302,0
DA:303,0
DA:304,0
DA:305,0
DA:306,0
DA:307,0
DA:308,0
DA:309,2
DA:310,2
DA:311,2
DA:312,2
DA:313,2
DA:314,2
DA:315,2
DA:316,2
DA:317,3
DA:318,3
DA:319,0
DA:320,0
DA:321,0
DA:322,0
DA:323,0
DA:324,3
DA:325,3
DA:326,0
DA:327,0
DA:328,0
DA:329,0
DA:330,0
DA:331,0
DA:332,0
DA:333,0
DA:334,3
DA:335,3
DA:336,0
DA:337,0
DA:338,0
DA:339,0
DA:340,0
DA:341,0
DA:342,0
DA:343,0
DA:344,0
DA:345,0
DA:346,0
DA:347,0
DA:348,0
DA:349,0
DA:350,0
DA:351,0
DA:352,0
DA:353,0
DA:354,0
DA:355,0
DA:356,0
DA:357,0
DA:358,0
DA:359,0
DA:360,0
DA:361,0
DA:362,0
DA:363,0
DA:364,0
DA:365,0
DA:366,0
DA:367,0
DA:368,0
DA:369,0
DA:370,0
DA:371,0
DA:372,0
DA:373,0
DA:374,0
DA:375,0
DA:376,0
DA:377,3
DA:378,3
DA:379,0
DA:380,0
DA:381,0
DA:382,0
DA:383,0
DA:384,0
DA:385,0
DA:386,0
DA:387,0
DA:388,0
DA:389,0
DA:390,3
DA:391,3
DA:392,1
DA:393,1
DA:394,1
DA:395,0
DA:396,0
DA:397,3
DA:398,3
DA:399,3
DA:400,3
DA:401,3
DA:402,3
DA:403,3
DA:404,3
DA:405,3
DA:406,3
DA:407,3
DA:408,3
DA:409,3
DA:410,3
DA:411,3
DA:412,3
DA:413,3
DA:414,3
DA:415,3
DA:416,3
DA:417,3
DA:418,3
LF:418
LH:236
BRDA:26,0,0,3
BRDA:51,1,0,0
BRDA:54,2,0,0
BRDA:72,3,0,12
BRDA:74,4,0,36
BRDA:91,5,0,0
BRDA:107,6,0,0
BRDA:109,7,0,0
BRDA:111,8,0,0
BRDA:115,9,0,1
BRDA:118,10,0,4
BRDA:122,11,0,1
BRDA:124,12,0,3
BRDA:124,13,0,2
BRDA:126,14,0,1
BRDA:132,15,0,0
BRDA:161,16,0,3
BRDA:162,17,0,0
BRDA:165,18,0,0
BRDA:171,19,0,0
BRDA:173,20,0,0
BRDA:183,21,0,1
BRDA:183,22,0,2
BRDA:184,23,0,2
BRDA:185,24,0,2
BRDA:190,25,0,1
BRDA:195,26,0,0
BRDA:200,27,0,0
BRDA:200,28,0,0
BRDA:214,29,0,0
BRDA:216,30,0,0
BRDA:221,31,0,0
BRDA:237,32,0,0
BRDA:276,33,0,4
BRDA:277,34,0,1
BRDA:288,35,0,2
BRDA:294,36,0,0
BRDA:391,37,0,1
BRDA:394,38,0,0
BRF:39
BRH:19
end_of_record
TN:
SF:src/model/uno.ts
FN:17,createGame
FN:48,startNewHand
FN:54,endGame
FN:58,currentHand
FN:62,winner
FN:78,score
FN:82,player
FN:94,endHandObserver
FNF:8
FNH:5
FNDA:3,createGame
FNDA:3,startNewHand
FNDA:0,endGame
FNDA:6,currentHand
FNDA:2,winner
FNDA:6,score
FNDA:0,player
FNDA:0,endHandObserver
DA:1,1
DA:2,1
DA:3,1
DA:4,1
DA:5,1
DA:6,1
DA:7,1
DA:8,1
DA:9,1
DA:10,1
DA:11,1
DA:12,1
DA:13,1
DA:14,1
DA:15,1
DA:16,1
DA:17,1
DA:18,3
DA:19,3
DA:20,3
DA:21,3
DA:22,3
DA:23,3
DA:24,3
DA:25,3
DA:26,3
DA:27,3
DA:28,3
DA:29,3
DA:30,3
DA:31,0
DA:32,0
DA:33,3
DA:34,0
DA:35,0
DA:36,3
DA:37,0
DA:38,0
DA:39,3
DA:40,3
DA:41,3
DA:42,3
DA:43,3
DA:44,3
DA:45,3
DA:46,3
DA:47,3
DA:48,3
DA:49,3
DA:50,3
DA:51,3
DA:52,3
DA:53,3
DA:54,3
DA:55,0
DA:56,0
DA:57,3
DA:58,3
DA:59,6
DA:60,6
DA:61,3
DA:62,3
DA:63,2
DA:64,0
DA:65,0
DA:66,2
DA:67,2
DA:68,2
DA:69,8
DA:70,0
DA:71,0
DA:72,0
DA:73,0
DA:74,8
DA:75,2
DA:76,2
DA:77,3
DA:78,3
DA:79,6
DA:80,6
DA:81,3
DA:82,3
DA:83,0
DA:84,0
DA:85,0
DA:86,0
DA:87,0
DA:88,3
DA:89,3
DA:90,3
DA:91,3
DA:92,3
DA:93,3
DA:94,3
DA:95,0
DA:96,0
DA:97,0
DA:98,0
DA:99,0
DA:100,0
DA:101,0
DA:102,0
DA:103,0
DA:104,0
DA:105,0
DA:106,0
DA:107,0
DA:108,3
DA:109,3
DA:110,3
DA:111,3
DA:112,3
DA:113,0
DA:114,0
DA:115,0
DA:116,0
DA:117,0
DA:118,0
DA:119,0
DA:120,0
DA:121,0
DA:122,0
DA:123,0
DA:124,3
DA:125,3
DA:126,3
DA:127,3
DA:128,3
DA:129,3
DA:130,3
DA:131,3
DA:132,3
DA:133,3
DA:134,3
DA:135,3
DA:136,3
LF:136
LH:93
BRDA:17,0,0,3
BRDA:30,1,0,0
BRDA:33,2,0,0
BRDA:36,3,0,0
BRDA:45,4,0,1
BRDA:112,5,0,0
BRDA:48,6,0,3
BRDA:58,7,0,6
BRDA:62,8,0,2
BRDA:63,9,0,0
BRDA:68,10,0,8
BRDA:69,11,0,0
BRDA:78,12,0,6
BRF:13
BRH:7
end_of_record
TN:
SF:src/utils/random_utils.ts
FN:5,standardRandomizer
FN:11,standardShuffler
FNF:2
FNH:1
FNDA:0,standardRandomizer
FNDA:3,standardShuffler
DA:1,1
DA:2,1
DA:3,1
DA:4,1
DA:5,1
DA:6,1
DA:7,1
DA:8,1
DA:9,1
DA:10,1
DA:11,1
DA:12,3
DA:13,321
DA:14,321
DA:15,321
DA:16,321
DA:17,321
DA:18,3
LF:18
LH:18
BRDA:11,0,0,3
BRDA:12,1,0,321
BRF:2
BRH:2
end_of_record
